<?xml version="1.0" encoding="UTF-8"?>
<testsuite name="com.tw.MultiplicationTableTest" tests="1" skipped="0" failures="0" errors="0" timestamp="2021-10-19T08:08:48" hostname="YuendeMBP.wework.com" time="0.009">
  <properties/>
  <testcase name="should_return_single_equation_when_multiply_given_start_number_2_end_number_2()" classname="com.tw.MultiplicationTableTest" time="0.009"/>
  <system-out><![CDATA[]]></system-out>
  <system-err><![CDATA[]]></system-err>
</testsuite>
