<?xml version="1.0" encoding="UTF-8"?>
<testsuite name="com.tw.MultiplicationTableTest" tests="1" skipped="0" failures="0" errors="0" timestamp="2021-10-19T08:04:54" hostname="YuendeMBP.wework.com" time="0.01">
  <properties/>
  <testcase name="should_return_multiplication_line_when_multiply_given_start_2_and_row_5()" classname="com.tw.MultiplicationTableTest" time="0.01"/>
  <system-out><![CDATA[]]></system-out>
  <system-err><![CDATA[]]></system-err>
</testsuite>
